============================= test session starts =============================
platform win32 -- Python 3.14.4, pytest-9.0.3, pluggy-1.6.0
rootdir: C:\Users\F.R.A.N.Ks\Documents\ALPHA\DESAFIOCICLO\Semana 2\cadife_smart_travel\backend
configfile: pytest.ini
plugins: anyio-4.13.0, langsmith-0.8.0, asyncio-1.3.0, cov-7.1.0, mock-3.15.1
asyncio: mode=Mode.AUTO, debug=False, asyncio_default_fixture_loop_scope=None, asyncio_default_test_loop_scope=function
collected 17 items

tests\test_infrastructure\test_repositories.py .................         [100%]

============================== warnings summary ===============================
..\..\..\..\..\..\..\..\Python314\Lib\site-packages\chromadb\telemetry\opentelemetry\__init__.py:128
  C:\Python314\Lib\site-packages\chromadb\telemetry\opentelemetry\__init__.py:128: DeprecationWarning: 'asyncio.iscoroutinefunction' is deprecated and slated for removal in Python 3.16; use inspect.iscoroutinefunction() instead
    if asyncio.iscoroutinefunction(f):

..\..\..\..\..\..\AppData\Roaming\Python\Python314\site-packages\slowapi\extension.py:717
..\..\..\..\..\..\AppData\Roaming\Python\Python314\site-packages\slowapi\extension.py:717
  C:\Users\F.R.A.N.Ks\AppData\Roaming\Python\Python314\site-packages\slowapi\extension.py:717: DeprecationWarning: 'asyncio.iscoroutinefunction' is deprecated and slated for removal in Python 3.16; use inspect.iscoroutinefunction() instead
    if asyncio.iscoroutinefunction(func):

-- Docs: https://docs.pytest.org/en/stable/how-to/capture-warnings.html
======================= 17 passed, 3 warnings in 0.23s ========================

STDERR:
